{"/Users/owaisdashti/Software2425/2sem/SQ_Assignments/Assignment_1/src/routes.ts": {"path":"/Users/owaisdashti/Software2425/2sem/SQ_Assignments/Assignment_1/src/routes.ts","statementMap":{"0":{"start":{"line":2,"column":0},"end":{"line":2,"column":45}},"1":{"start":{"line":3,"column":0},"end":{"line":3,"column":45}},"2":{"start":{"line":6,"column":2},"end":{"line":6,"column":106}},"3":{"start":{"line":6,"column":48},"end":{"line":6,"column":105}},"4":{"start":{"line":7,"column":2},"end":{"line":7,"column":80}},"5":{"start":{"line":7,"column":59},"end":{"line":7,"column":79}},"6":{"start":{"line":10,"column":2},"end":{"line":10,"column":35}},"7":{"start":{"line":11,"column":2},"end":{"line":11,"column":35}},"8":{"start":{"line":14,"column":2},"end":{"line":16,"column":5}},"9":{"start":{"line":15,"column":4},"end":{"line":15,"column":74}},"10":{"start":{"line":19,"column":0},"end":{"line":19,"column":22}}},"fnMap":{"0":{"name":"routes","decl":{"start":{"line":5,"column":9},"end":{"line":5,"column":15}},"loc":{"start":{"line":5,"column":28},"end":{"line":17,"column":1}}},"1":{"name":"(anonymous_2)","decl":{"start":{"line":6,"column":15},"end":{"line":6,"column":16}},"loc":{"start":{"line":6,"column":43},"end":{"line":6,"column":51}}},"2":{"name":"(anonymous_3)","decl":{"start":{"line":7,"column":26},"end":{"line":7,"column":27}},"loc":{"start":{"line":7,"column":54},"end":{"line":7,"column":62}}},"3":{"name":"(anonymous_4)","decl":{"start":{"line":14,"column":15},"end":{"line":14,"column":16}},"loc":{"start":{"line":14,"column":43},"end":{"line":16,"column":3}}}},"branchMap":{},"s":{"0":3,"1":3,"2":3,"3":0,"4":3,"5":0,"6":3,"7":3,"8":3,"9":0,"10":3},"f":{"0":3,"1":0,"2":0,"3":0},"b":{}}
,"/Users/owaisdashti/Software2425/2sem/SQ_Assignments/Assignment_1/src/controllers/task.controller.ts": {"path":"/Users/owaisdashti/Software2425/2sem/SQ_Assignments/Assignment_1/src/controllers/task.controller.ts","statementMap":{"0":{"start":{"line":2,"column":0},"end":{"line":2,"column":103}},"1":{"start":{"line":4,"column":21},"end":{"line":21,"column":2}},"2":{"start":{"line":4,"column":55},"end":{"line":21,"column":2}},"3":{"start":{"line":5,"column":8},"end":{"line":5,"column":77}},"4":{"start":{"line":8,"column":17},"end":{"line":15,"column":null}},"5":{"start":{"line":8,"column":10},"end":{"line":15,"column":null}},"6":{"start":{"line":17,"column":4},"end":{"line":17,"column":38}},"7":{"start":{"line":19,"column":4},"end":{"line":19,"column":81}},"8":{"start":{"line":23,"column":22},"end":{"line":37,"column":2}},"9":{"start":{"line":23,"column":56},"end":{"line":37,"column":2}},"10":{"start":{"line":24,"column":10},"end":{"line":24,"column":17}},"11":{"start":{"line":27,"column":17},"end":{"line":27,"column":null}},"12":{"start":{"line":27,"column":10},"end":{"line":27,"column":null}},"13":{"start":{"line":29,"column":4},"end":{"line":31,"column":5}},"14":{"start":{"line":30,"column":6},"end":{"line":30,"column":65}},"15":{"start":{"line":33,"column":4},"end":{"line":33,"column":38}},"16":{"start":{"line":35,"column":4},"end":{"line":35,"column":81}},"17":{"start":{"line":39,"column":22},"end":{"line":47,"column":2}},"18":{"start":{"line":39,"column":56},"end":{"line":47,"column":2}},"19":{"start":{"line":41,"column":18},"end":{"line":41,"column":null}},"20":{"start":{"line":41,"column":10},"end":{"line":41,"column":null}},"21":{"start":{"line":43,"column":4},"end":{"line":43,"column":39}},"22":{"start":{"line":45,"column":4},"end":{"line":45,"column":81}},"23":{"start":{"line":49,"column":21},"end":{"line":66,"column":2}},"24":{"start":{"line":49,"column":55},"end":{"line":66,"column":2}},"25":{"start":{"line":50,"column":10},"end":{"line":50,"column":17}},"26":{"start":{"line":51,"column":8},"end":{"line":51,"column":67}},"27":{"start":{"line":54,"column":17},"end":{"line":60,"column":null}},"28":{"start":{"line":54,"column":10},"end":{"line":60,"column":null}},"29":{"start":{"line":62,"column":4},"end":{"line":62,"column":38}},"30":{"start":{"line":64,"column":4},"end":{"line":64,"column":81}},"31":{"start":{"line":68,"column":21},"end":{"line":82,"column":2}},"32":{"start":{"line":68,"column":55},"end":{"line":82,"column":2}},"33":{"start":{"line":69,"column":10},"end":{"line":69,"column":17}},"34":{"start":{"line":72,"column":24},"end":{"line":72,"column":null}},"35":{"start":{"line":72,"column":10},"end":{"line":72,"column":null}},"36":{"start":{"line":74,"column":4},"end":{"line":76,"column":5}},"37":{"start":{"line":75,"column":6},"end":{"line":75,"column":65}},"38":{"start":{"line":78,"column":4},"end":{"line":78,"column":61}},"39":{"start":{"line":80,"column":4},"end":{"line":80,"column":81}},"40":{"start":{"line":84,"column":0},"end":{"line":90,"column":2}}},"fnMap":{"0":{"name":"(anonymous_13)","decl":{"start":{"line":4,"column":21},"end":{"line":4,"column":28}},"loc":{"start":{"line":4,"column":55},"end":{"line":21,"column":2}}},"1":{"name":"(anonymous_14)","decl":{"start":{"line":4,"column":55},"end":{"line":4,"column":null}},"loc":{"start":{"line":4,"column":55},"end":{"line":21,"column":2}}},"2":{"name":"(anonymous_16)","decl":{"start":{"line":23,"column":22},"end":{"line":23,"column":29}},"loc":{"start":{"line":23,"column":56},"end":{"line":37,"column":2}}},"3":{"name":"(anonymous_17)","decl":{"start":{"line":23,"column":56},"end":{"line":23,"column":null}},"loc":{"start":{"line":23,"column":56},"end":{"line":37,"column":2}}},"4":{"name":"(anonymous_19)","decl":{"start":{"line":39,"column":22},"end":{"line":39,"column":29}},"loc":{"start":{"line":39,"column":56},"end":{"line":47,"column":2}}},"5":{"name":"(anonymous_20)","decl":{"start":{"line":39,"column":56},"end":{"line":39,"column":null}},"loc":{"start":{"line":39,"column":56},"end":{"line":47,"column":2}}},"6":{"name":"(anonymous_22)","decl":{"start":{"line":49,"column":21},"end":{"line":49,"column":28}},"loc":{"start":{"line":49,"column":55},"end":{"line":66,"column":2}}},"7":{"name":"(anonymous_23)","decl":{"start":{"line":49,"column":55},"end":{"line":49,"column":null}},"loc":{"start":{"line":49,"column":55},"end":{"line":66,"column":2}}},"8":{"name":"(anonymous_25)","decl":{"start":{"line":68,"column":21},"end":{"line":68,"column":28}},"loc":{"start":{"line":68,"column":55},"end":{"line":82,"column":2}}},"9":{"name":"(anonymous_26)","decl":{"start":{"line":68,"column":55},"end":{"line":68,"column":null}},"loc":{"start":{"line":68,"column":55},"end":{"line":82,"column":2}}}},"branchMap":{"0":{"loc":{"start":{"line":19,"column":41},"end":{"line":19,"column":77}},"type":"binary-expr","locations":[{"start":{"line":19,"column":41},"end":{"line":19,"column":50}},{"start":{"line":19,"column":54},"end":{"line":19,"column":77}}]},"1":{"loc":{"start":{"line":29,"column":4},"end":{"line":31,"column":5}},"type":"if","locations":[{"start":{"line":29,"column":4},"end":{"line":31,"column":5}}]},"2":{"loc":{"start":{"line":35,"column":41},"end":{"line":35,"column":77}},"type":"binary-expr","locations":[{"start":{"line":35,"column":41},"end":{"line":35,"column":50}},{"start":{"line":35,"column":54},"end":{"line":35,"column":77}}]},"3":{"loc":{"start":{"line":45,"column":41},"end":{"line":45,"column":77}},"type":"binary-expr","locations":[{"start":{"line":45,"column":41},"end":{"line":45,"column":50}},{"start":{"line":45,"column":54},"end":{"line":45,"column":77}}]},"4":{"loc":{"start":{"line":64,"column":41},"end":{"line":64,"column":77}},"type":"binary-expr","locations":[{"start":{"line":64,"column":41},"end":{"line":64,"column":50}},{"start":{"line":64,"column":54},"end":{"line":64,"column":77}}]},"5":{"loc":{"start":{"line":74,"column":4},"end":{"line":76,"column":5}},"type":"if","locations":[{"start":{"line":74,"column":4},"end":{"line":76,"column":5}}]},"6":{"loc":{"start":{"line":80,"column":41},"end":{"line":80,"column":77}},"type":"binary-expr","locations":[{"start":{"line":80,"column":41},"end":{"line":80,"column":50}},{"start":{"line":80,"column":54},"end":{"line":80,"column":77}}]}},"s":{"0":3,"1":3,"2":0,"3":0,"4":0,"5":0,"6":0,"7":0,"8":3,"9":0,"10":0,"11":0,"12":0,"13":0,"14":0,"15":0,"16":0,"17":3,"18":0,"19":0,"20":0,"21":0,"22":0,"23":3,"24":0,"25":0,"26":0,"27":0,"28":0,"29":0,"30":0,"31":3,"32":0,"33":0,"34":0,"35":0,"36":0,"37":0,"38":0,"39":0,"40":3},"f":{"0":0,"1":0,"2":0,"3":0,"4":0,"5":0,"6":0,"7":0,"8":0,"9":0},"b":{"0":[0,0],"1":[0],"2":[0,0],"3":[0,0],"4":[0,0],"5":[0],"6":[0,0]}}
,"/Users/owaisdashti/Software2425/2sem/SQ_Assignments/Assignment_1/src/controllers/user.controller.ts": {"path":"/Users/owaisdashti/Software2425/2sem/SQ_Assignments/Assignment_1/src/controllers/user.controller.ts","statementMap":{"0":{"start":{"line":2,"column":0},"end":{"line":2,"column":79}},"1":{"start":{"line":4,"column":22},"end":{"line":21,"column":2}},"2":{"start":{"line":4,"column":56},"end":{"line":21,"column":2}},"3":{"start":{"line":6,"column":12},"end":{"line":6,"column":19}},"4":{"start":{"line":7,"column":4},"end":{"line":7,"column":46}},"5":{"start":{"line":9,"column":17},"end":{"line":9,"column":null}},"6":{"start":{"line":9,"column":10},"end":{"line":9,"column":null}},"7":{"start":{"line":11,"column":4},"end":{"line":14,"column":5}},"8":{"start":{"line":12,"column":6},"end":{"line":12,"column":36}},"9":{"start":{"line":13,"column":6},"end":{"line":13,"column":63}},"10":{"start":{"line":16,"column":4},"end":{"line":16,"column":31}},"11":{"start":{"line":18,"column":4},"end":{"line":18,"column":62}},"12":{"start":{"line":19,"column":4},"end":{"line":19,"column":74}},"13":{"start":{"line":23,"column":21},"end":{"line":41,"column":2}},"14":{"start":{"line":23,"column":55},"end":{"line":41,"column":2}},"15":{"start":{"line":24,"column":8},"end":{"line":24,"column":29}},"16":{"start":{"line":26,"column":2},"end":{"line":28,"column":3}},"17":{"start":{"line":27,"column":4},"end":{"line":27,"column":70}},"18":{"start":{"line":31,"column":17},"end":{"line":31,"column":null}},"19":{"start":{"line":31,"column":10},"end":{"line":31,"column":null}},"20":{"start":{"line":33,"column":4},"end":{"line":35,"column":5}},"21":{"start":{"line":34,"column":6},"end":{"line":34,"column":70}},"22":{"start":{"line":37,"column":4},"end":{"line":37,"column":31}},"23":{"start":{"line":39,"column":4},"end":{"line":39,"column":74}},"24":{"start":{"line":43,"column":22},"end":{"line":50,"column":2}},"25":{"start":{"line":43,"column":56},"end":{"line":50,"column":2}},"26":{"start":{"line":45,"column":18},"end":{"line":45,"column":null}},"27":{"start":{"line":45,"column":10},"end":{"line":45,"column":null}},"28":{"start":{"line":46,"column":4},"end":{"line":46,"column":32}},"29":{"start":{"line":48,"column":4},"end":{"line":48,"column":74}},"30":{"start":{"line":52,"column":0},"end":{"line":56,"column":2}}},"fnMap":{"0":{"name":"(anonymous_13)","decl":{"start":{"line":4,"column":22},"end":{"line":4,"column":29}},"loc":{"start":{"line":4,"column":56},"end":{"line":21,"column":2}}},"1":{"name":"(anonymous_14)","decl":{"start":{"line":4,"column":56},"end":{"line":4,"column":null}},"loc":{"start":{"line":4,"column":56},"end":{"line":21,"column":2}}},"2":{"name":"(anonymous_16)","decl":{"start":{"line":23,"column":21},"end":{"line":23,"column":28}},"loc":{"start":{"line":23,"column":55},"end":{"line":41,"column":2}}},"3":{"name":"(anonymous_17)","decl":{"start":{"line":23,"column":55},"end":{"line":23,"column":null}},"loc":{"start":{"line":23,"column":55},"end":{"line":41,"column":2}}},"4":{"name":"(anonymous_19)","decl":{"start":{"line":43,"column":22},"end":{"line":43,"column":29}},"loc":{"start":{"line":43,"column":56},"end":{"line":50,"column":2}}},"5":{"name":"(anonymous_20)","decl":{"start":{"line":43,"column":56},"end":{"line":43,"column":null}},"loc":{"start":{"line":43,"column":56},"end":{"line":50,"column":2}}}},"branchMap":{"0":{"loc":{"start":{"line":11,"column":4},"end":{"line":14,"column":5}},"type":"if","locations":[{"start":{"line":11,"column":4},"end":{"line":14,"column":5}}]},"1":{"loc":{"start":{"line":19,"column":34},"end":{"line":19,"column":70}},"type":"binary-expr","locations":[{"start":{"line":19,"column":34},"end":{"line":19,"column":43}},{"start":{"line":19,"column":47},"end":{"line":19,"column":70}}]},"2":{"loc":{"start":{"line":26,"column":2},"end":{"line":28,"column":3}},"type":"if","locations":[{"start":{"line":26,"column":2},"end":{"line":28,"column":3}}]},"3":{"loc":{"start":{"line":26,"column":6},"end":{"line":26,"column":24}},"type":"binary-expr","locations":[{"start":{"line":26,"column":6},"end":{"line":26,"column":11}},{"start":{"line":26,"column":15},"end":{"line":26,"column":24}}]},"4":{"loc":{"start":{"line":33,"column":4},"end":{"line":35,"column":5}},"type":"if","locations":[{"start":{"line":33,"column":4},"end":{"line":35,"column":5}}]},"5":{"loc":{"start":{"line":39,"column":34},"end":{"line":39,"column":70}},"type":"binary-expr","locations":[{"start":{"line":39,"column":34},"end":{"line":39,"column":43}},{"start":{"line":39,"column":47},"end":{"line":39,"column":70}}]},"6":{"loc":{"start":{"line":48,"column":34},"end":{"line":48,"column":70}},"type":"binary-expr","locations":[{"start":{"line":48,"column":34},"end":{"line":48,"column":43}},{"start":{"line":48,"column":47},"end":{"line":48,"column":70}}]}},"s":{"0":3,"1":3,"2":1,"3":1,"4":1,"5":1,"6":1,"7":1,"8":0,"9":0,"10":1,"11":0,"12":0,"13":3,"14":0,"15":0,"16":0,"17":0,"18":0,"19":0,"20":0,"21":0,"22":0,"23":0,"24":3,"25":0,"26":0,"27":0,"28":0,"29":0,"30":3},"f":{"0":1,"1":1,"2":0,"3":0,"4":0,"5":0},"b":{"0":[0],"1":[0,0],"2":[0],"3":[0,0],"4":[0],"5":[0,0],"6":[0,0]}}
,"/Users/owaisdashti/Software2425/2sem/SQ_Assignments/Assignment_1/src/routes/task.route.ts": {"path":"/Users/owaisdashti/Software2425/2sem/SQ_Assignments/Assignment_1/src/routes/task.route.ts","statementMap":{"0":{"start":{"line":1,"column":0},"end":{"line":1,"column":30}},"1":{"start":{"line":2,"column":0},"end":{"line":2,"column":60}},"2":{"start":{"line":4,"column":15},"end":{"line":4,"column":31}},"3":{"start":{"line":6,"column":0},"end":{"line":6,"column":49}},"4":{"start":{"line":7,"column":0},"end":{"line":7,"column":46}},"5":{"start":{"line":8,"column":0},"end":{"line":8,"column":46}},"6":{"start":{"line":9,"column":0},"end":{"line":9,"column":48}},"7":{"start":{"line":10,"column":0},"end":{"line":10,"column":51}},"8":{"start":{"line":12,"column":0},"end":{"line":12,"column":22}}},"fnMap":{},"branchMap":{},"s":{"0":3,"1":3,"2":3,"3":3,"4":3,"5":3,"6":3,"7":3,"8":3},"f":{},"b":{}}
,"/Users/owaisdashti/Software2425/2sem/SQ_Assignments/Assignment_1/src/routes/user.route.ts": {"path":"/Users/owaisdashti/Software2425/2sem/SQ_Assignments/Assignment_1/src/routes/user.route.ts","statementMap":{"0":{"start":{"line":1,"column":0},"end":{"line":1,"column":30}},"1":{"start":{"line":2,"column":0},"end":{"line":2,"column":60}},"2":{"start":{"line":4,"column":15},"end":{"line":4,"column":31}},"3":{"start":{"line":6,"column":0},"end":{"line":6,"column":49}},"4":{"start":{"line":7,"column":0},"end":{"line":7,"column":46}},"5":{"start":{"line":8,"column":0},"end":{"line":8,"column":46}},"6":{"start":{"line":10,"column":0},"end":{"line":10,"column":22}}},"fnMap":{},"branchMap":{},"s":{"0":3,"1":3,"2":3,"3":3,"4":3,"5":3,"6":3},"f":{},"b":{}}
,"/Users/owaisdashti/Software2425/2sem/SQ_Assignments/Assignment_1/src/service/task.service.ts": {"path":"/Users/owaisdashti/Software2425/2sem/SQ_Assignments/Assignment_1/src/service/task.service.ts","statementMap":{"0":{"start":{"line":1,"column":0},"end":{"line":1,"column":41}},"1":{"start":{"line":3,"column":26},"end":{"line":36,"column":2}},"2":{"start":{"line":10,"column":1},"end":{"line":36,"column":2}},"3":{"start":{"line":12,"column":11},"end":{"line":31,"column":7}},"4":{"start":{"line":12,"column":4},"end":{"line":31,"column":7}},"5":{"start":{"line":33,"column":4},"end":{"line":33,"column":25}},"6":{"start":{"line":34,"column":4},"end":{"line":34,"column":43}},"7":{"start":{"line":3,"column":13},"end":{"line":3,"column":26}},"8":{"start":{"line":38,"column":27},"end":{"line":47,"column":2}},"9":{"start":{"line":38,"column":44},"end":{"line":47,"column":2}},"10":{"start":{"line":40,"column":11},"end":{"line":42,"column":7}},"11":{"start":{"line":40,"column":4},"end":{"line":42,"column":7}},"12":{"start":{"line":44,"column":4},"end":{"line":44,"column":25}},"13":{"start":{"line":45,"column":4},"end":{"line":45,"column":56}},"14":{"start":{"line":38,"column":13},"end":{"line":38,"column":27}},"15":{"start":{"line":49,"column":27},"end":{"line":56,"column":2}},"16":{"start":{"line":51,"column":11},"end":{"line":51,"column":41}},"17":{"start":{"line":51,"column":4},"end":{"line":51,"column":41}},"18":{"start":{"line":53,"column":4},"end":{"line":53,"column":25}},"19":{"start":{"line":54,"column":4},"end":{"line":54,"column":47}},"20":{"start":{"line":49,"column":13},"end":{"line":49,"column":27}},"21":{"start":{"line":58,"column":26},"end":{"line":77,"column":2}},"22":{"start":{"line":60,"column":104},"end":{"line":77,"column":2}},"23":{"start":{"line":63,"column":11},"end":{"line":72,"column":7}},"24":{"start":{"line":63,"column":4},"end":{"line":72,"column":7}},"25":{"start":{"line":74,"column":4},"end":{"line":74,"column":25}},"26":{"start":{"line":75,"column":4},"end":{"line":75,"column":57}},"27":{"start":{"line":58,"column":13},"end":{"line":58,"column":26}},"28":{"start":{"line":79,"column":26},"end":{"line":88,"column":2}},"29":{"start":{"line":79,"column":43},"end":{"line":88,"column":2}},"30":{"start":{"line":81,"column":11},"end":{"line":83,"column":7}},"31":{"start":{"line":81,"column":4},"end":{"line":83,"column":7}},"32":{"start":{"line":85,"column":4},"end":{"line":85,"column":25}},"33":{"start":{"line":86,"column":4},"end":{"line":86,"column":57}},"34":{"start":{"line":79,"column":13},"end":{"line":79,"column":26}}},"fnMap":{"0":{"name":"(anonymous_16)","decl":{"start":{"line":3,"column":26},"end":{"line":3,"column":33}},"loc":{"start":{"line":10,"column":1},"end":{"line":36,"column":2}}},"1":{"name":"(anonymous_17)","decl":{"start":{"line":10,"column":1},"end":{"line":10,"column":null}},"loc":{"start":{"line":10,"column":1},"end":{"line":36,"column":2}}},"2":{"name":"(anonymous_19)","decl":{"start":{"line":38,"column":27},"end":{"line":38,"column":34}},"loc":{"start":{"line":38,"column":44},"end":{"line":47,"column":2}}},"3":{"name":"(anonymous_20)","decl":{"start":{"line":38,"column":44},"end":{"line":38,"column":null}},"loc":{"start":{"line":38,"column":44},"end":{"line":47,"column":2}}},"4":{"name":"(anonymous_22)","decl":{"start":{"line":49,"column":27},"end":{"line":49,"column":null}},"loc":{"start":{"line":49,"column":27},"end":{"line":56,"column":2}}},"5":{"name":"(anonymous_25)","decl":{"start":{"line":58,"column":26},"end":{"line":58,"column":null}},"loc":{"start":{"line":60,"column":104},"end":{"line":77,"column":2}}},"6":{"name":"(anonymous_26)","decl":{"start":{"line":60,"column":104},"end":{"line":60,"column":null}},"loc":{"start":{"line":60,"column":104},"end":{"line":77,"column":2}}},"7":{"name":"(anonymous_28)","decl":{"start":{"line":79,"column":26},"end":{"line":79,"column":33}},"loc":{"start":{"line":79,"column":43},"end":{"line":88,"column":2}}},"8":{"name":"(anonymous_29)","decl":{"start":{"line":79,"column":43},"end":{"line":79,"column":null}},"loc":{"start":{"line":79,"column":43},"end":{"line":88,"column":2}}}},"branchMap":{"0":{"loc":{"start":{"line":12,"column":4},"end":{"line":31,"column":7}},"type":"switch","locations":[{"start":{"line":12,"column":4},"end":{"line":31,"column":7}}]},"1":{"loc":{"start":{"line":23,"column":12},"end":{"line":29,"column":10}},"type":"binary-expr","locations":[{"start":{"line":23,"column":12},"end":{"line":23,"column":29}},{"start":{"line":23,"column":33},"end":{"line":29,"column":10}}]},"2":{"loc":{"start":{"line":40,"column":4},"end":{"line":42,"column":7}},"type":"switch","locations":[{"start":{"line":40,"column":4},"end":{"line":42,"column":7}}]},"3":{"loc":{"start":{"line":51,"column":4},"end":{"line":51,"column":41}},"type":"switch","locations":[{"start":{"line":51,"column":4},"end":{"line":51,"column":41}}]},"4":{"loc":{"start":{"line":63,"column":4},"end":{"line":72,"column":7}},"type":"switch","locations":[{"start":{"line":63,"column":4},"end":{"line":72,"column":7}}]},"5":{"loc":{"start":{"line":70,"column":21},"end":{"line":70,"column":61}},"type":"cond-expr","locations":[{"start":{"line":70,"column":40},"end":{"line":70,"column":56}},{"start":{"line":70,"column":59},"end":{"line":70,"column":61}}]},"6":{"loc":{"start":{"line":81,"column":4},"end":{"line":83,"column":7}},"type":"switch","locations":[{"start":{"line":81,"column":4},"end":{"line":83,"column":7}}]}},"s":{"0":3,"1":3,"2":1,"3":1,"4":1,"5":0,"6":0,"7":3,"8":3,"9":0,"10":0,"11":0,"12":0,"13":0,"14":3,"15":3,"16":0,"17":0,"18":0,"19":0,"20":3,"21":3,"22":0,"23":0,"24":0,"25":0,"26":0,"27":3,"28":3,"29":0,"30":0,"31":0,"32":0,"33":0,"34":3},"f":{"0":1,"1":1,"2":0,"3":0,"4":0,"5":0,"6":0,"7":0,"8":0},"b":{"0":[1],"1":[1,1],"2":[0],"3":[0],"4":[0],"5":[0,0],"6":[0]}}
,"/Users/owaisdashti/Software2425/2sem/SQ_Assignments/Assignment_1/src/service/user.service.ts": {"path":"/Users/owaisdashti/Software2425/2sem/SQ_Assignments/Assignment_1/src/service/user.service.ts","statementMap":{"0":{"start":{"line":1,"column":0},"end":{"line":1,"column":41}},"1":{"start":{"line":3,"column":27},"end":{"line":26,"column":2}},"2":{"start":{"line":3,"column":44},"end":{"line":26,"column":2}},"3":{"start":{"line":5,"column":17},"end":{"line":15,"column":null}},"4":{"start":{"line":5,"column":10},"end":{"line":15,"column":null}},"5":{"start":{"line":17,"column":4},"end":{"line":19,"column":5}},"6":{"start":{"line":18,"column":6},"end":{"line":18,"column":46}},"7":{"start":{"line":21,"column":4},"end":{"line":21,"column":16}},"8":{"start":{"line":23,"column":4},"end":{"line":23,"column":54}},"9":{"start":{"line":24,"column":4},"end":{"line":24,"column":16}},"10":{"start":{"line":3,"column":13},"end":{"line":3,"column":27}},"11":{"start":{"line":28,"column":27},"end":{"line":35,"column":2}},"12":{"start":{"line":30,"column":11},"end":{"line":30,"column":41}},"13":{"start":{"line":30,"column":4},"end":{"line":30,"column":41}},"14":{"start":{"line":32,"column":4},"end":{"line":32,"column":53}},"15":{"start":{"line":33,"column":4},"end":{"line":33,"column":45}},"16":{"start":{"line":28,"column":13},"end":{"line":28,"column":27}},"17":{"start":{"line":37,"column":26},"end":{"line":55,"column":2}},"18":{"start":{"line":37,"column":63},"end":{"line":55,"column":2}},"19":{"start":{"line":39,"column":11},"end":{"line":50,"column":7}},"20":{"start":{"line":39,"column":4},"end":{"line":50,"column":7}},"21":{"start":{"line":52,"column":4},"end":{"line":52,"column":48}},"22":{"start":{"line":53,"column":4},"end":{"line":53,"column":45}},"23":{"start":{"line":37,"column":13},"end":{"line":37,"column":26}}},"fnMap":{"0":{"name":"(anonymous_14)","decl":{"start":{"line":3,"column":27},"end":{"line":3,"column":34}},"loc":{"start":{"line":3,"column":44},"end":{"line":26,"column":2}}},"1":{"name":"(anonymous_15)","decl":{"start":{"line":3,"column":44},"end":{"line":3,"column":null}},"loc":{"start":{"line":3,"column":44},"end":{"line":26,"column":2}}},"2":{"name":"(anonymous_17)","decl":{"start":{"line":28,"column":27},"end":{"line":28,"column":null}},"loc":{"start":{"line":28,"column":27},"end":{"line":35,"column":2}}},"3":{"name":"(anonymous_20)","decl":{"start":{"line":37,"column":26},"end":{"line":37,"column":33}},"loc":{"start":{"line":37,"column":63},"end":{"line":55,"column":2}}},"4":{"name":"(anonymous_21)","decl":{"start":{"line":37,"column":63},"end":{"line":37,"column":null}},"loc":{"start":{"line":37,"column":63},"end":{"line":55,"column":2}}}},"branchMap":{"0":{"loc":{"start":{"line":17,"column":4},"end":{"line":19,"column":5}},"type":"if","locations":[{"start":{"line":17,"column":4},"end":{"line":19,"column":5}}]},"1":{"loc":{"start":{"line":30,"column":4},"end":{"line":30,"column":41}},"type":"switch","locations":[{"start":{"line":30,"column":4},"end":{"line":30,"column":41}}]},"2":{"loc":{"start":{"line":39,"column":4},"end":{"line":50,"column":7}},"type":"switch","locations":[{"start":{"line":39,"column":4},"end":{"line":50,"column":7}}]}},"s":{"0":3,"1":3,"2":3,"3":3,"4":3,"5":3,"6":1,"7":2,"8":1,"9":1,"10":3,"11":3,"12":0,"13":0,"14":0,"15":0,"16":3,"17":3,"18":0,"19":0,"20":0,"21":0,"22":0,"23":3},"f":{"0":3,"1":3,"2":0,"3":0,"4":0},"b":{"0":[1],"1":[0],"2":[0]}}
,"/Users/owaisdashti/Software2425/2sem/SQ_Assignments/Assignment_1/src/utils/server.ts": {"path":"/Users/owaisdashti/Software2425/2sem/SQ_Assignments/Assignment_1/src/utils/server.ts","statementMap":{"0":{"start":{"line":1,"column":0},"end":{"line":1,"column":30}},"1":{"start":{"line":2,"column":0},"end":{"line":2,"column":31}},"2":{"start":{"line":5,"column":14},"end":{"line":5,"column":23}},"3":{"start":{"line":7,"column":2},"end":{"line":7,"column":26}},"4":{"start":{"line":9,"column":2},"end":{"line":9,"column":14}},"5":{"start":{"line":11,"column":2},"end":{"line":11,"column":13}},"6":{"start":{"line":14,"column":0},"end":{"line":14,"column":28}}},"fnMap":{"0":{"name":"createServer","decl":{"start":{"line":4,"column":9},"end":{"line":4,"column":21}},"loc":{"start":{"line":4,"column":21},"end":{"line":12,"column":1}}}},"branchMap":{},"s":{"0":3,"1":3,"2":3,"3":3,"4":3,"5":3,"6":3},"f":{"0":3},"b":{}}
}
