TN:
SF:src/routes.ts
FN:5,routes
FN:6,(anonymous_2)
FN:7,(anonymous_3)
FN:14,(anonymous_4)
FNF:4
FNH:1
FNDA:3,routes
FNDA:0,(anonymous_2)
FNDA:0,(anonymous_3)
FNDA:0,(anonymous_4)
DA:2,3
DA:3,3
DA:6,3
DA:7,3
DA:10,3
DA:11,3
DA:14,3
DA:15,0
DA:19,3
LF:9
LH:8
BRF:0
BRH:0
end_of_record
TN:
SF:src/controllers/task.controller.ts
FN:4,(anonymous_13)
FN:4,(anonymous_14)
FN:23,(anonymous_16)
FN:23,(anonymous_17)
FN:39,(anonymous_19)
FN:39,(anonymous_20)
FN:49,(anonymous_22)
FN:49,(anonymous_23)
FN:68,(anonymous_25)
FN:68,(anonymous_26)
FNF:10
FNH:0
FNDA:0,(anonymous_13)
FNDA:0,(anonymous_14)
FNDA:0,(anonymous_16)
FNDA:0,(anonymous_17)
FNDA:0,(anonymous_19)
FNDA:0,(anonymous_20)
FNDA:0,(anonymous_22)
FNDA:0,(anonymous_23)
FNDA:0,(anonymous_25)
FNDA:0,(anonymous_26)
DA:2,3
DA:4,3
DA:5,0
DA:8,0
DA:17,0
DA:19,0
DA:23,3
DA:24,0
DA:27,0
DA:29,0
DA:30,0
DA:33,0
DA:35,0
DA:39,3
DA:41,0
DA:43,0
DA:45,0
DA:49,3
DA:50,0
DA:51,0
DA:54,0
DA:62,0
DA:64,0
DA:68,3
DA:69,0
DA:72,0
DA:74,0
DA:75,0
DA:78,0
DA:80,0
DA:84,3
LF:31
LH:7
BRDA:19,0,0,0
BRDA:19,0,1,0
BRDA:29,1,0,0
BRDA:35,2,0,0
BRDA:35,2,1,0
BRDA:45,3,0,0
BRDA:45,3,1,0
BRDA:64,4,0,0
BRDA:64,4,1,0
BRDA:74,5,0,0
BRDA:80,6,0,0
BRDA:80,6,1,0
BRF:12
BRH:0
end_of_record
TN:
SF:src/controllers/user.controller.ts
FN:4,(anonymous_13)
FN:4,(anonymous_14)
FN:23,(anonymous_16)
FN:23,(anonymous_17)
FN:43,(anonymous_19)
FN:43,(anonymous_20)
FNF:6
FNH:2
FNDA:1,(anonymous_13)
FNDA:1,(anonymous_14)
FNDA:0,(anonymous_16)
FNDA:0,(anonymous_17)
FNDA:0,(anonymous_19)
FNDA:0,(anonymous_20)
DA:2,3
DA:4,3
DA:6,1
DA:7,1
DA:9,1
DA:11,1
DA:12,0
DA:13,0
DA:16,1
DA:18,0
DA:19,0
DA:23,3
DA:24,0
DA:26,0
DA:27,0
DA:31,0
DA:33,0
DA:34,0
DA:37,0
DA:39,0
DA:43,3
DA:45,0
DA:46,0
DA:48,0
DA:52,3
LF:25
LH:10
BRDA:11,0,0,0
BRDA:19,1,0,0
BRDA:19,1,1,0
BRDA:26,2,0,0
BRDA:26,3,0,0
BRDA:26,3,1,0
BRDA:33,4,0,0
BRDA:39,5,0,0
BRDA:39,5,1,0
BRDA:48,6,0,0
BRDA:48,6,1,0
BRF:11
BRH:0
end_of_record
TN:
SF:src/routes/task.route.ts
FNF:0
FNH:0
DA:1,3
DA:2,3
DA:4,3
DA:6,3
DA:7,3
DA:8,3
DA:9,3
DA:10,3
DA:12,3
LF:9
LH:9
BRF:0
BRH:0
end_of_record
TN:
SF:src/routes/user.route.ts
FNF:0
FNH:0
DA:1,3
DA:2,3
DA:4,3
DA:6,3
DA:7,3
DA:8,3
DA:10,3
LF:7
LH:7
BRF:0
BRH:0
end_of_record
TN:
SF:src/service/task.service.ts
FN:3,(anonymous_16)
FN:10,(anonymous_17)
FN:38,(anonymous_19)
FN:38,(anonymous_20)
FN:49,(anonymous_22)
FN:58,(anonymous_25)
FN:60,(anonymous_26)
FN:79,(anonymous_28)
FN:79,(anonymous_29)
FNF:9
FNH:2
FNDA:1,(anonymous_16)
FNDA:1,(anonymous_17)
FNDA:0,(anonymous_19)
FNDA:0,(anonymous_20)
FNDA:0,(anonymous_22)
FNDA:0,(anonymous_25)
FNDA:0,(anonymous_26)
FNDA:0,(anonymous_28)
FNDA:0,(anonymous_29)
DA:1,3
DA:3,3
DA:10,1
DA:12,1
DA:33,0
DA:34,0
DA:38,3
DA:40,0
DA:44,0
DA:45,0
DA:49,3
DA:51,0
DA:53,0
DA:54,0
DA:58,3
DA:60,0
DA:63,0
DA:74,0
DA:75,0
DA:79,3
DA:81,0
DA:85,0
DA:86,0
LF:23
LH:8
BRDA:12,0,0,1
BRDA:23,1,0,1
BRDA:23,1,1,1
BRDA:40,2,0,0
BRDA:51,3,0,0
BRDA:63,4,0,0
BRDA:70,5,0,0
BRDA:70,5,1,0
BRDA:81,6,0,0
BRF:9
BRH:3
end_of_record
TN:
SF:src/service/user.service.ts
FN:3,(anonymous_14)
FN:3,(anonymous_15)
FN:28,(anonymous_17)
FN:37,(anonymous_20)
FN:37,(anonymous_21)
FNF:5
FNH:2
FNDA:3,(anonymous_14)
FNDA:3,(anonymous_15)
FNDA:0,(anonymous_17)
FNDA:0,(anonymous_20)
FNDA:0,(anonymous_21)
DA:1,3
DA:3,3
DA:5,3
DA:17,3
DA:18,1
DA:21,2
DA:23,1
DA:24,1
DA:28,3
DA:30,0
DA:32,0
DA:33,0
DA:37,3
DA:39,0
DA:52,0
DA:53,0
LF:16
LH:10
BRDA:17,0,0,1
BRDA:30,1,0,0
BRDA:39,2,0,0
BRF:3
BRH:1
end_of_record
TN:
SF:src/utils/server.ts
FN:4,createServer
FNF:1
FNH:1
FNDA:3,createServer
DA:1,3
DA:2,3
DA:5,3
DA:7,3
DA:9,3
DA:11,3
DA:14,3
LF:7
LH:7
BRF:0
BRH:0
end_of_record
