TN:
SF:src\routes.ts
FN:5,routes
FN:6,(anonymous_2)
FN:7,(anonymous_3)
FN:14,(anonymous_4)
FNF:4
FNH:1
FNDA:4,routes
FNDA:0,(anonymous_2)
FNDA:0,(anonymous_3)
FNDA:0,(anonymous_4)
DA:2,4
DA:3,4
DA:6,4
DA:7,4
DA:10,4
DA:11,4
DA:14,4
DA:15,0
DA:19,4
LF:9
LH:8
BRF:0
BRH:0
end_of_record
TN:
SF:src\controllers\task.controller.ts
FN:4,(anonymous_13)
FN:4,(anonymous_14)
FN:23,(anonymous_16)
FN:23,(anonymous_17)
FN:39,(anonymous_19)
FN:39,(anonymous_20)
FN:49,(anonymous_22)
FN:49,(anonymous_23)
FN:68,(anonymous_25)
FN:68,(anonymous_26)
FNF:10
FNH:0
FNDA:0,(anonymous_13)
FNDA:0,(anonymous_14)
FNDA:0,(anonymous_16)
FNDA:0,(anonymous_17)
FNDA:0,(anonymous_19)
FNDA:0,(anonymous_20)
FNDA:0,(anonymous_22)
FNDA:0,(anonymous_23)
FNDA:0,(anonymous_25)
FNDA:0,(anonymous_26)
DA:2,4
DA:4,4
DA:5,0
DA:8,0
DA:17,0
DA:19,0
DA:23,4
DA:24,0
DA:27,0
DA:29,0
DA:30,0
DA:33,0
DA:35,0
DA:39,4
DA:41,0
DA:43,0
DA:45,0
DA:49,4
DA:50,0
DA:51,0
DA:54,0
DA:62,0
DA:64,0
DA:68,4
DA:69,0
DA:72,0
DA:74,0
DA:75,0
DA:78,0
DA:80,0
DA:84,4
LF:31
LH:7
BRDA:19,0,0,0
BRDA:19,0,1,0
BRDA:29,1,0,0
BRDA:35,2,0,0
BRDA:35,2,1,0
BRDA:45,3,0,0
BRDA:45,3,1,0
BRDA:64,4,0,0
BRDA:64,4,1,0
BRDA:74,5,0,0
BRDA:80,6,0,0
BRDA:80,6,1,0
BRF:12
BRH:0
end_of_record
TN:
SF:src\controllers\user.controller.ts
FN:4,(anonymous_13)
FN:4,(anonymous_14)
FN:22,(anonymous_16)
FN:22,(anonymous_17)
FN:42,(anonymous_19)
FN:42,(anonymous_20)
FNF:6
FNH:2
FNDA:1,(anonymous_13)
FNDA:1,(anonymous_14)
FNDA:0,(anonymous_16)
FNDA:0,(anonymous_17)
FNDA:0,(anonymous_19)
FNDA:0,(anonymous_20)
DA:2,4
DA:4,4
DA:6,1
DA:8,1
DA:10,1
DA:11,0
DA:12,0
DA:15,1
DA:17,0
DA:18,0
DA:22,4
DA:23,0
DA:25,0
DA:26,0
DA:30,0
DA:32,0
DA:33,0
DA:36,0
DA:38,0
DA:42,4
DA:44,0
DA:45,0
DA:47,0
DA:51,4
LF:24
LH:9
BRDA:10,0,0,0
BRDA:18,1,0,0
BRDA:18,1,1,0
BRDA:25,2,0,0
BRDA:25,3,0,0
BRDA:25,3,1,0
BRDA:32,4,0,0
BRDA:38,5,0,0
BRDA:38,5,1,0
BRDA:47,6,0,0
BRDA:47,6,1,0
BRF:11
BRH:0
end_of_record
TN:
SF:src\routes\task.route.ts
FNF:0
FNH:0
DA:1,4
DA:2,4
DA:4,4
DA:6,4
DA:7,4
DA:8,4
DA:9,4
DA:10,4
DA:12,4
LF:9
LH:9
BRF:0
BRH:0
end_of_record
TN:
SF:src\routes\user.route.ts
FNF:0
FNH:0
DA:1,4
DA:2,4
DA:4,4
DA:6,4
DA:7,4
DA:8,4
DA:10,4
LF:7
LH:7
BRF:0
BRH:0
end_of_record
TN:
SF:src\service\category.service.ts
FN:3,(anonymous_14)
FN:3,(anonymous_15)
FN:17,(anonymous_17)
FN:17,(anonymous_18)
FN:28,(anonymous_20)
FN:28,(anonymous_21)
FNF:6
FNH:6
FNDA:1,(anonymous_14)
FNDA:1,(anonymous_15)
FNDA:3,(anonymous_17)
FNDA:3,(anonymous_18)
FNDA:1,(anonymous_20)
FNDA:1,(anonymous_21)
DA:1,1
DA:3,1
DA:5,1
DA:12,0
DA:13,0
DA:17,3
DA:19,3
DA:23,0
DA:24,0
DA:28,1
DA:30,1
DA:34,0
DA:35,0
LF:13
LH:7
BRDA:5,0,0,1
BRDA:19,1,0,3
BRDA:30,2,0,1
BRF:3
BRH:3
end_of_record
TN:
SF:src\service\task.service.ts
FN:3,(anonymous_16)
FN:10,(anonymous_17)
FN:38,(anonymous_19)
FN:38,(anonymous_20)
FN:49,(anonymous_22)
FN:58,(anonymous_25)
FN:60,(anonymous_26)
FN:79,(anonymous_28)
FN:79,(anonymous_29)
FNF:9
FNH:2
FNDA:1,(anonymous_16)
FNDA:1,(anonymous_17)
FNDA:0,(anonymous_19)
FNDA:0,(anonymous_20)
FNDA:0,(anonymous_22)
FNDA:0,(anonymous_25)
FNDA:0,(anonymous_26)
FNDA:0,(anonymous_28)
FNDA:0,(anonymous_29)
DA:1,4
DA:3,4
DA:10,1
DA:12,1
DA:33,0
DA:34,0
DA:38,4
DA:40,0
DA:44,0
DA:45,0
DA:49,4
DA:51,0
DA:53,0
DA:54,0
DA:58,4
DA:60,0
DA:63,0
DA:74,0
DA:75,0
DA:79,4
DA:81,0
DA:85,0
DA:86,0
LF:23
LH:8
BRDA:12,0,0,1
BRDA:23,1,0,1
BRDA:23,1,1,1
BRDA:40,2,0,0
BRDA:51,3,0,0
BRDA:63,4,0,0
BRDA:70,5,0,0
BRDA:70,5,1,0
BRDA:81,6,0,0
BRF:9
BRH:3
end_of_record
TN:
SF:src\service\user.service.ts
FN:3,(anonymous_14)
FN:3,(anonymous_15)
FN:28,(anonymous_17)
FN:37,(anonymous_20)
FN:37,(anonymous_21)
FNF:5
FNH:2
FNDA:3,(anonymous_14)
FNDA:3,(anonymous_15)
FNDA:0,(anonymous_17)
FNDA:0,(anonymous_20)
FNDA:0,(anonymous_21)
DA:1,4
DA:3,4
DA:5,3
DA:17,3
DA:18,1
DA:21,2
DA:23,1
DA:24,1
DA:28,4
DA:30,0
DA:32,0
DA:33,0
DA:37,4
DA:39,0
DA:52,0
DA:53,0
LF:16
LH:10
BRDA:17,0,0,1
BRDA:30,1,0,0
BRDA:39,2,0,0
BRF:3
BRH:1
end_of_record
TN:
SF:src\utils\server.ts
FN:4,createServer
FNF:1
FNH:1
FNDA:4,createServer
DA:1,4
DA:2,4
DA:5,4
DA:7,4
DA:9,4
DA:11,4
DA:14,4
LF:7
LH:7
BRF:0
BRH:0
end_of_record
